<?xml version="1.0" encoding="UTF-8"?>
<testng-results ignored="0" total="1" passed="1" failed="0" skipped="0">
  <reporter-output>
  </reporter-output>
  <suite started-at="2022-05-14T13:02:24 IST" name="Suite" finished-at="2022-05-14T13:02:24 IST" duration-ms="110">
    <groups>
    </groups>
    <test started-at="2022-05-14T13:02:24 IST" name="Test" finished-at="2022-05-14T13:02:24 IST" duration-ms="110">
      <class name="tests.TestExample">
        <test-method signature="ex()[pri:0, instance:tests.TestExample@3738449f]" started-at="2022-05-14T13:02:24 IST" name="ex" finished-at="2022-05-14T13:02:24 IST" duration-ms="0" status="PASS">
          <reporter-output>
          </reporter-output>
        </test-method> <!-- ex -->
      </class> <!-- tests.TestExample -->
    </test> <!-- Test -->
  </suite> <!-- Suite -->
</testng-results>
